D:\研究生工作\样例提取20160420\AudioClassify 20161013\AudioClassify\.\Release\AudioClassify.dll
D:\研究生工作\样例提取20160420\AudioClassify 20161013\AudioClassify\.\Release\AudioClassify.dll.intermediate.manifest
D:\研究生工作\样例提取20160420\AUDIOCLASSIFY 20161013\AUDIOCLASSIFY\RELEASE\AUDIOCLASSIFY.DLL
D:\研究生工作\样例提取20160420\AUDIOCLASSIFY 20161013\AUDIOCLASSIFY\RELEASE\AUDIOCLASSIFY.DLL.INTERMEDIATE.MANIFEST
D:\研究生工作\样例提取20160420\AudioClassify 20161013\AudioClassify\Release\AudioClassify.exp
D:\研究生工作\样例提取20160420\AudioClassify 20161013\AudioClassify\Release\AudioClassify.lib
D:\研究生工作\样例提取20160420\AUDIOCLASSIFY 20161013\AUDIOCLASSIFY\RELEASE\AUDIOCLASSIFY.OBJ
D:\研究生工作\样例提取20160420\AUDIOCLASSIFY 20161013\AUDIOCLASSIFY\RELEASE\AUDIOCLASSIFY.PCH
D:\研究生工作\样例提取20160420\AUDIOCLASSIFY 20161013\AUDIOCLASSIFY\RELEASE\AUDIOCLASSIFY.RES
D:\研究生工作\样例提取20160420\AudioClassify 20161013\AudioClassify\Release\AudioClassify.vcxprojResolveAssemblyReference.cache
D:\研究生工作\样例提取20160420\AudioClassify 20161013\AudioClassify\Release\AudioClassify.write.1.tlog
D:\研究生工作\样例提取20160420\AudioClassify 20161013\AudioClassify\Release\cl.command.1.tlog
D:\研究生工作\样例提取20160420\AudioClassify 20161013\AudioClassify\Release\CL.read.1.tlog
D:\研究生工作\样例提取20160420\AudioClassify 20161013\AudioClassify\Release\CL.write.1.tlog
D:\研究生工作\样例提取20160420\AudioClassify 20161013\AudioClassify\Release\link.command.1.tlog
D:\研究生工作\样例提取20160420\AudioClassify 20161013\AudioClassify\Release\link.read.1.tlog
D:\研究生工作\样例提取20160420\AudioClassify 20161013\AudioClassify\Release\link.write.1.tlog
D:\研究生工作\样例提取20160420\AudioClassify 20161013\AudioClassify\Release\link-cvtres.read.1.tlog
D:\研究生工作\样例提取20160420\AudioClassify 20161013\AudioClassify\Release\link-cvtres.write.1.tlog
D:\研究生工作\样例提取20160420\AudioClassify 20161013\AudioClassify\Release\mt.command.1.tlog
D:\研究生工作\样例提取20160420\AudioClassify 20161013\AudioClassify\Release\mt.read.1.tlog
D:\研究生工作\样例提取20160420\AudioClassify 20161013\AudioClassify\Release\mt.write.1.tlog
D:\研究生工作\样例提取20160420\AudioClassify 20161013\AudioClassify\Release\rc.command.1.tlog
D:\研究生工作\样例提取20160420\AudioClassify 20161013\AudioClassify\Release\rc.read.1.tlog
D:\研究生工作\样例提取20160420\AudioClassify 20161013\AudioClassify\Release\rc.write.1.tlog
D:\研究生工作\样例提取20160420\AUDIOCLASSIFY 20161013\AUDIOCLASSIFY\RELEASE\STDAFX.OBJ
D:\研究生工作\样例提取20160420\AUDIOCLASSIFY 20161013\AUDIOCLASSIFY\RELEASE\VC100.PDB
D:\研究生工作\样例提取20160420\AudioClassify 20161013\AudioClassify\Release\vc120.pdb
