.\Debug\AudioClassify.ilk
.\Debug\AudioClassify.pdb
D:\研究生工作\样例提取20160420\AudioClassify 20161013\AudioClassify\.\Debug\AudioClassify.dll
D:\研究生工作\样例提取20160420\AudioClassify 20161013\AudioClassify\.\Debug\AudioClassify.dll.intermediate.manifest
D:\研究生工作\样例提取20160420\AUDIOCLASSIFY 20161013\AUDIOCLASSIFY\DEBUG\AUDIOCLASSIFY.DLL
D:\研究生工作\样例提取20160420\AUDIOCLASSIFY 20161013\AUDIOCLASSIFY\DEBUG\AUDIOCLASSIFY.DLL.EMBED.MANIFEST
D:\研究生工作\样例提取20160420\AUDIOCLASSIFY 20161013\AUDIOCLASSIFY\DEBUG\AUDIOCLASSIFY.DLL.EMBED.MANIFEST.RES
D:\研究生工作\样例提取20160420\AUDIOCLASSIFY 20161013\AUDIOCLASSIFY\DEBUG\AUDIOCLASSIFY.DLL.INTERMEDIATE.MANIFEST
D:\研究生工作\样例提取20160420\AudioClassify 20161013\AudioClassify\Debug\AudioClassify.exp
D:\研究生工作\样例提取20160420\AUDIOCLASSIFY 20161013\AUDIOCLASSIFY\DEBUG\AUDIOCLASSIFY.ILK
D:\研究生工作\样例提取20160420\AudioClassify 20161013\AudioClassify\Debug\AudioClassify.lib
D:\研究生工作\样例提取20160420\AUDIOCLASSIFY 20161013\AUDIOCLASSIFY\DEBUG\AUDIOCLASSIFY.OBJ
D:\研究生工作\样例提取20160420\AUDIOCLASSIFY 20161013\AUDIOCLASSIFY\DEBUG\AUDIOCLASSIFY.PCH
D:\研究生工作\样例提取20160420\AUDIOCLASSIFY 20161013\AUDIOCLASSIFY\DEBUG\AUDIOCLASSIFY.PDB
D:\研究生工作\样例提取20160420\AUDIOCLASSIFY 20161013\AUDIOCLASSIFY\DEBUG\AUDIOCLASSIFY.RES
D:\研究生工作\样例提取20160420\AudioClassify 20161013\AudioClassify\Debug\AudioClassify.write.1.tlog
D:\研究生工作\样例提取20160420\AudioClassify 20161013\AudioClassify\Debug\AudioClassify_manifest.rc
D:\研究生工作\样例提取20160420\AudioClassify 20161013\AudioClassify\Debug\cl.command.1.tlog
D:\研究生工作\样例提取20160420\AudioClassify 20161013\AudioClassify\Debug\CL.read.1.tlog
D:\研究生工作\样例提取20160420\AudioClassify 20161013\AudioClassify\Debug\CL.write.1.tlog
D:\研究生工作\样例提取20160420\AUDIOCLASSIFY 20161013\AUDIOCLASSIFY\DEBUG\DAXPY.OBJ
D:\研究生工作\样例提取20160420\AUDIOCLASSIFY 20161013\AUDIOCLASSIFY\DEBUG\DDOT.OBJ
D:\研究生工作\样例提取20160420\AUDIOCLASSIFY 20161013\AUDIOCLASSIFY\DEBUG\DNRM2.OBJ
D:\研究生工作\样例提取20160420\AUDIOCLASSIFY 20161013\AUDIOCLASSIFY\DEBUG\DSCAL.OBJ
D:\研究生工作\样例提取20160420\AUDIOCLASSIFY 20161013\AUDIOCLASSIFY\DEBUG\LINEAR.OBJ
D:\研究生工作\样例提取20160420\AudioClassify 20161013\AudioClassify\Debug\link.4768.read.1.tlog
D:\研究生工作\样例提取20160420\AudioClassify 20161013\AudioClassify\Debug\link.4768.write.1.tlog
D:\研究生工作\样例提取20160420\AudioClassify 20161013\AudioClassify\Debug\link.4768-cvtres.read.1.tlog
D:\研究生工作\样例提取20160420\AudioClassify 20161013\AudioClassify\Debug\link.4768-cvtres.write.1.tlog
D:\研究生工作\样例提取20160420\AudioClassify 20161013\AudioClassify\Debug\link.command.1.tlog
D:\研究生工作\样例提取20160420\AudioClassify 20161013\AudioClassify\Debug\link.read.1.tlog
D:\研究生工作\样例提取20160420\AudioClassify 20161013\AudioClassify\Debug\link.write.1.tlog
D:\研究生工作\样例提取20160420\AudioClassify 20161013\AudioClassify\Debug\link-cvtres.read.1.tlog
D:\研究生工作\样例提取20160420\AudioClassify 20161013\AudioClassify\Debug\link-cvtres.write.1.tlog
D:\研究生工作\样例提取20160420\AUDIOCLASSIFY 20161013\AUDIOCLASSIFY\DEBUG\MFCC.OBJ
D:\研究生工作\样例提取20160420\AudioClassify 20161013\AudioClassify\Debug\mt.command.1.tlog
D:\研究生工作\样例提取20160420\AudioClassify 20161013\AudioClassify\Debug\mt.read.1.tlog
D:\研究生工作\样例提取20160420\AudioClassify 20161013\AudioClassify\Debug\mt.write.1.tlog
D:\研究生工作\样例提取20160420\AUDIOCLASSIFY 20161013\AUDIOCLASSIFY\DEBUG\PREDICT.OBJ
D:\研究生工作\样例提取20160420\AudioClassify 20161013\AudioClassify\Debug\rc.command.1.tlog
D:\研究生工作\样例提取20160420\AudioClassify 20161013\AudioClassify\Debug\rc.read.1.tlog
D:\研究生工作\样例提取20160420\AudioClassify 20161013\AudioClassify\Debug\rc.write.1.tlog
D:\研究生工作\样例提取20160420\AUDIOCLASSIFY 20161013\AUDIOCLASSIFY\DEBUG\STDAFX.OBJ
D:\研究生工作\样例提取20160420\AUDIOCLASSIFY 20161013\AUDIOCLASSIFY\DEBUG\TRON.OBJ
D:\研究生工作\样例提取20160420\AudioClassify 20161013\AudioClassify\Debug\vc100.idb
D:\研究生工作\样例提取20160420\AUDIOCLASSIFY 20161013\AUDIOCLASSIFY\DEBUG\VC100.PDB
